<?xml version="1.0" encoding="utf-8"?><testsuites name="pytest tests"><testsuite name="pytest" errors="0" failures="0" skipped="0" tests="20" time="2.385" timestamp="2026-04-02T13:49:26.038712+00:00" hostname="agent-env-8f1f73a0-ec14-4eb9-b4b5-2251abb8f745"><testcase classname="backend.tests.test_phase48_microstructure_entry.TestMicrostructureHealth" name="test_microstructure_health" time="0.130" /><testcase classname="backend.tests.test_phase48_microstructure_entry.TestMicrostructureMockScenarios" name="test_mock_supportive" time="0.122" /><testcase classname="backend.tests.test_phase48_microstructure_entry.TestMicrostructureMockScenarios" name="test_mock_hostile_spread" time="0.126" /><testcase classname="backend.tests.test_phase48_microstructure_entry.TestMicrostructureMockScenarios" name="test_mock_sweep_risk" time="0.143" /><testcase classname="backend.tests.test_phase48_microstructure_entry.TestMicrostructureMockScenarios" name="test_mock_liquidity_cluster" time="0.106" /><testcase classname="backend.tests.test_phase48_microstructure_entry.TestMicrostructureFullEvaluation" name="test_full_evaluation" time="0.109" /><testcase classname="backend.tests.test_phase48_microstructure_entry.TestMicrostructureScenarios" name="test_list_scenarios" time="0.108" /><testcase classname="backend.tests.test_phase48_microstructure_entry.TestMicrostructureScenarios" name="test_simulate_all" time="0.102" /><testcase classname="backend.tests.test_phase48_microstructure_entry.TestMicrostructureStatsHistory" name="test_get_stats" time="0.128" /><testcase classname="backend.tests.test_phase48_microstructure_entry.TestMicrostructureStatsHistory" name="test_get_history" time="0.118" /><testcase classname="backend.tests.test_phase48_microstructure_entry.TestIntegrationWithMicrostructure" name="test_integration_health" time="0.124" /><testcase classname="backend.tests.test_phase48_microstructure_entry.TestIntegrationWithMicrostructure" name="test_integration_decisions" time="0.102" /><testcase classname="backend.tests.test_phase48_microstructure_entry.TestIntegrationWithMicrostructure" name="test_integration_go_full" time="0.119" /><testcase classname="backend.tests.test_phase48_microstructure_entry.TestIntegrationWithMicrostructure" name="test_integration_wait_microstructure" time="0.105" /><testcase classname="backend.tests.test_phase48_microstructure_entry.TestIntegrationWithMicrostructure" name="test_integration_backward_compatible_no_micro" time="0.121" /><testcase classname="backend.tests.test_phase48_microstructure_entry.TestIntegrationWithMicrostructure" name="test_integration_skip_preserved_with_supportive_micro" time="0.114" /><testcase classname="backend.tests.test_phase48_microstructure_entry.TestBackwardCompatibilityMTF" name="test_mtf_health" time="0.106" /><testcase classname="backend.tests.test_phase48_microstructure_entry.TestBackwardCompatibilityMTF" name="test_mtf_mock_aligned" time="0.111" /><testcase classname="backend.tests.test_phase48_microstructure_entry.TestBackwardCompatibilityPhase41_46" name="test_wrong_early_summary" time="0.104" /><testcase classname="backend.tests.test_phase48_microstructure_entry.TestBackwardCompatibilityPhase41_46" name="test_mode_types" time="0.120" /></testsuite></testsuites>