<?xml version="1.0" encoding="utf-8"?><testsuites name="pytest tests"><testsuite name="pytest" errors="0" failures="0" skipped="0" tests="21" time="3.218" timestamp="2026-04-02T14:20:44.595634+00:00" hostname="agent-env-8f1f73a0-ec14-4eb9-b4b5-2251abb8f745"><testcase classname="backend.tests.test_phase482_483_484_microstructure_validation.TestPhase482MicrostructureValidation" name="test_validation_health" time="0.260" /><testcase classname="backend.tests.test_phase482_483_484_microstructure_validation.TestPhase482MicrostructureValidation" name="test_validation_run" time="0.155" /><testcase classname="backend.tests.test_phase482_483_484_microstructure_validation.TestPhase482MicrostructureValidation" name="test_validation_checks" time="0.135" /><testcase classname="backend.tests.test_phase482_483_484_microstructure_validation.TestPhase482MicrostructureValidation" name="test_validation_latest" time="0.266" /><testcase classname="backend.tests.test_phase482_483_484_microstructure_validation.TestPhase482MicrostructureValidation" name="test_validation_history" time="0.155" /><testcase classname="backend.tests.test_phase482_483_484_microstructure_validation.TestPhase483MicrostructureWeighting" name="test_weighting_health" time="0.132" /><testcase classname="backend.tests.test_phase482_483_484_microstructure_validation.TestPhase483MicrostructureWeighting" name="test_weighting_strong_micro" time="0.116" /><testcase classname="backend.tests.test_phase482_483_484_microstructure_validation.TestPhase483MicrostructureWeighting" name="test_weighting_weak_micro" time="0.170" /><testcase classname="backend.tests.test_phase482_483_484_microstructure_validation.TestPhase483MicrostructureWeighting" name="test_weighting_blocked_micro" time="0.130" /><testcase classname="backend.tests.test_phase482_483_484_microstructure_validation.TestPhase483MicrostructureWeighting" name="test_weighting_stats" time="0.145" /><testcase classname="backend.tests.test_phase482_483_484_microstructure_validation.TestPhase484ABCWeightingValidation" name="test_abc_validation_health" time="0.104" /><testcase classname="backend.tests.test_phase482_483_484_microstructure_validation.TestPhase484ABCWeightingValidation" name="test_abc_validation_run" time="0.123" /><testcase classname="backend.tests.test_phase482_483_484_microstructure_validation.TestPhase484ABCWeightingValidation" name="test_abc_comparison_structure" time="0.124" /><testcase classname="backend.tests.test_phase482_483_484_microstructure_validation.TestPhase484ABCWeightingValidation" name="test_abc_impact_structure" time="0.142" /><testcase classname="backend.tests.test_phase482_483_484_microstructure_validation.TestPhase484ABCWeightingValidation" name="test_abc_verdict" time="0.119" /><testcase classname="backend.tests.test_phase482_483_484_microstructure_validation.TestPhase484ABCWeightingValidation" name="test_abc_latest" time="0.249" /><testcase classname="backend.tests.test_phase482_483_484_microstructure_validation.TestPhase484ABCWeightingValidation" name="test_abc_history" time="0.116" /><testcase classname="backend.tests.test_phase482_483_484_microstructure_validation.TestBackwardCompatibility" name="test_phase48_microstructure_health" time="0.106" /><testcase classname="backend.tests.test_phase482_483_484_microstructure_validation.TestBackwardCompatibility" name="test_phase48_mock_supportive" time="0.110" /><testcase classname="backend.tests.test_phase482_483_484_microstructure_validation.TestBackwardCompatibility" name="test_phase47_mtf_health" time="0.151" /><testcase classname="backend.tests.test_phase482_483_484_microstructure_validation.TestBackwardCompatibility" name="test_phase45_integration_health" time="0.104" /></testsuite></testsuites>